1530245022240	geckodriver	INFO	geckodriver 0.19.1
1530245022246	geckodriver	INFO	Listening on 127.0.0.1:34581
1530245023382	mozrunner::runner	INFO	Running command: "/usr/bin/firefox" "-marionette" "-profile" "/tmp/rust_mozprofile.Uj12896cdsk8"
1530245024178	Marionette	INFO	Enabled via --marionette
1530245027048	Marionette	INFO	Listening on port 33279
1530245027102	Marionette	WARN	TLS certificate errors will be ignored for this session
*** UTM:SVC TimerManager:registerTimer called after profile-before-change notification. Ignoring timer registration for id: telemetry_modules_ping
1530245221532	geckodriver	INFO	geckodriver 0.19.1
1530245221537	geckodriver	INFO	Listening on 127.0.0.1:60933
1530245222674	mozrunner::runner	INFO	Running command: "/usr/bin/firefox" "-marionette" "-profile" "/tmp/rust_mozprofile.u9Z5KU05y20U"
1530245223540	Marionette	INFO	Enabled via --marionette
1530245226366	Marionette	INFO	Listening on port 41751
1530245226396	Marionette	WARN	TLS certificate errors will be ignored for this session
1530245226588	addons.xpi	WARN	Exception running bootstrap method shutdown on activity-stream@mozilla.org: [Exception... "Component returned failure code: 0x80004005 (NS_ERROR_FAILURE) [nsIObserverService.removeObserver]"  nsresult: "0x80004005 (NS_ERROR_FAILURE)"  location: "JS frame :: resource://activity-stream/lib/SnippetsFeed.jsm :: uninit :: line 125"  data: no] Stack trace: uninit()@resource://activity-stream/lib/SnippetsFeed.jsm:125 < onAction()@resource://activity-stream/lib/SnippetsFeed.jsm:141 < _middleware/</<()@resource://activity-stream/lib/Store.jsm:51 < Store/this[method]()@resource://activity-stream/lib/Store.jsm:30 < uninit()@resource://activity-stream/lib/Store.jsm:153 < uninit()@resource://activity-stream/lib/ActivityStream.jsm:274 < uninit()@resource://gre/modules/addons/XPIProvider.jsm -> jar:file:///usr/lib/firefox/browser/features/activity-stream@mozilla.org.xpi!/bootstrap.js:80 < shutdown()@resource://gre/modules/addons/XPIProvider.jsm -> jar:file:///usr/lib/firefox/browser/features/activity-stream@mozilla.org.xpi!/bootstrap.js:196 < callBootstrapMethod()@resource://gre/modules/addons/XPIProvider.jsm:4419 < observe()@resource://gre/modules/addons/XPIProvider.jsm:2279 < GeckoDriver.prototype.quit()@driver.js:3270 < despatch()@server.js:557 < execute()@server.js:531 < onPacket/<()@server.js:506 < onPacket()@server.js:505 < _onJSONObjectReady/<()@transport.js:500
[Child 5034, Chrome_ChildThread] WARNING: pipe error (19): Connection reset by peer: file /build/firefox-CQifnS/firefox-59.0.1+build1/ipc/chromium/src/chrome/common/ipc_channel_posix.cc, line 353
[Child 5013, Chrome_ChildThread] WARNING: pipe error (35): Connection reset by peer: file /build/firefox-CQifnS/firefox-59.0.1+build1/ipc/chromium/src/chrome/common/ipc_channel_posix.cc, line 353
[Child 5013, Chrome_ChildThread] WARNING: pipe error (21): Connection reset by peer: file /build/firefox-CQifnS/firefox-59.0.1+build1/ipc/chromium/src/chrome/common/ipc_channel_posix.cc, line 353
[GFX1-]: Receive IPC close with reason=AbnormalShutdown
[Child 5013, Chrome_ChildThread] WARNING: pipe error (3): Connection reset by peer: file /build/firefox-CQifnS/firefox-59.0.1+build1/ipc/chromium/src/chrome/common/ipc_channel_posix.cc, line 353
[GFX1-]: Receive IPC close with reason=AbnormalShutdown
[Child 5034, Chrome_ChildThread] WARNING: pipe error: Broken pipe: file /build/firefox-CQifnS/firefox-59.0.1+build1/ipc/chromium/src/chrome/common/ipc_channel_posix.cc, line 709
1530245286683	geckodriver	INFO	geckodriver 0.19.1
1530245286688	geckodriver	INFO	Listening on 127.0.0.1:41823
1530245287830	mozrunner::runner	INFO	Running command: "/usr/bin/firefox" "-marionette" "-profile" "/tmp/rust_mozprofile.qf5qQ5oxc5fv"
1530245288658	Marionette	INFO	Enabled via --marionette
1530245291594	Marionette	INFO	Listening on port 40957
1530245291656	Marionette	WARN	TLS certificate errors will be ignored for this session
1530245291846	addons.xpi	WARN	Exception running bootstrap method shutdown on activity-stream@mozilla.org: [Exception... "Component returned failure code: 0x80004005 (NS_ERROR_FAILURE) [nsIObserverService.removeObserver]"  nsresult: "0x80004005 (NS_ERROR_FAILURE)"  location: "JS frame :: resource://activity-stream/lib/SnippetsFeed.jsm :: uninit :: line 125"  data: no] Stack trace: uninit()@resource://activity-stream/lib/SnippetsFeed.jsm:125 < onAction()@resource://activity-stream/lib/SnippetsFeed.jsm:141 < _middleware/</<()@resource://activity-stream/lib/Store.jsm:51 < Store/this[method]()@resource://activity-stream/lib/Store.jsm:30 < uninit()@resource://activity-stream/lib/Store.jsm:153 < uninit()@resource://activity-stream/lib/ActivityStream.jsm:274 < uninit()@resource://gre/modules/addons/XPIProvider.jsm -> jar:file:///usr/lib/firefox/browser/features/activity-stream@mozilla.org.xpi!/bootstrap.js:80 < shutdown()@resource://gre/modules/addons/XPIProvider.jsm -> jar:file:///usr/lib/firefox/browser/features/activity-stream@mozilla.org.xpi!/bootstrap.js:196 < callBootstrapMethod()@resource://gre/modules/addons/XPIProvider.jsm:4419 < observe()@resource://gre/modules/addons/XPIProvider.jsm:2279 < GeckoDriver.prototype.quit()@driver.js:3270 < despatch()@server.js:557 < execute()@server.js:531 < onPacket/<()@server.js:506 < onPacket()@server.js:505 < _onJSONObjectReady/<()@transport.js:500
[Child 5253, Chrome_ChildThread] WARNING: pipe error (35): Connection reset by peer: file /build/firefox-CQifnS/firefox-59.0.1+build1/ipc/chromium/src/chrome/common/ipc_channel_posix.cc, line 353
[Child 5253, Chrome_ChildThread] WARNING: pipe error (21): Connection reset by peer: file /build/firefox-CQifnS/firefox-59.0.1+build1/ipc/chromium/src/chrome/common/ipc_channel_posix.cc, line 353
[Child 5253, Chrome_ChildThread] WARNING: pipe error (3): Connection reset by peer: file /build/firefox-CQifnS/firefox-59.0.1+build1/ipc/chromium/src/chrome/common/ipc_channel_posix.cc, line 353
[Child 5274, Chrome_ChildThread] WARNING: pipe error (20): Connection reset by peer: file /build/firefox-CQifnS/firefox-59.0.1+build1/ipc/chromium/src/chrome/common/ipc_channel_posix.cc, line 353
1530245315172	geckodriver	INFO	geckodriver 0.19.1
1530245315177	geckodriver	INFO	Listening on 127.0.0.1:42755
1530245316313	mozrunner::runner	INFO	Running command: "/usr/bin/firefox" "-marionette" "-profile" "/tmp/rust_mozprofile.h4UvYTueoCeL"
1530245317176	Marionette	INFO	Enabled via --marionette
1530245320156	Marionette	INFO	Listening on port 37075
1530245320228	Marionette	WARN	TLS certificate errors will be ignored for this session
1530245320560	addons.xpi	WARN	Exception running bootstrap method shutdown on activity-stream@mozilla.org: [Exception... "Component returned failure code: 0x80004005 (NS_ERROR_FAILURE) [nsIObserverService.removeObserver]"  nsresult: "0x80004005 (NS_ERROR_FAILURE)"  location: "JS frame :: resource://activity-stream/lib/SnippetsFeed.jsm :: uninit :: line 125"  data: no] Stack trace: uninit()@resource://activity-stream/lib/SnippetsFeed.jsm:125 < onAction()@resource://activity-stream/lib/SnippetsFeed.jsm:141 < _middleware/</<()@resource://activity-stream/lib/Store.jsm:51 < Store/this[method]()@resource://activity-stream/lib/Store.jsm:30 < uninit()@resource://activity-stream/lib/Store.jsm:153 < uninit()@resource://activity-stream/lib/ActivityStream.jsm:274 < uninit()@resource://gre/modules/addons/XPIProvider.jsm -> jar:file:///usr/lib/firefox/browser/features/activity-stream@mozilla.org.xpi!/bootstrap.js:80 < shutdown()@resource://gre/modules/addons/XPIProvider.jsm -> jar:file:///usr/lib/firefox/browser/features/activity-stream@mozilla.org.xpi!/bootstrap.js:196 < callBootstrapMethod()@resource://gre/modules/addons/XPIProvider.jsm:4419 < observe()@resource://gre/modules/addons/XPIProvider.jsm:2279 < GeckoDriver.prototype.quit()@driver.js:3270 < despatch()@server.js:557 < execute()@server.js:531 < onPacket/<()@server.js:506 < onPacket()@server.js:505 < _onJSONObjectReady/<()@transport.js:500
[Child 5486, Chrome_ChildThread] WARNING: pipe error (35): Connection reset by peer: file /build/firefox-CQifnS/firefox-59.0.1+build1/ipc/chromium/src/chrome/common/ipc_channel_posix.cc, line 353
[Child 5465, Chrome_ChildThread] WARNING: pipe error (19): Connection reset by peer: file /build/firefox-CQifnS/firefox-59.0.1+build1/ipc/chromium/src/chrome/common/ipc_channel_posix.cc, line 353
[Child 5465, Chrome_ChildThread] WARNING: pipe error (35): Connection reset by peer: file /build/firefox-CQifnS/firefox-59.0.1+build1/ipc/chromium/src/chrome/common/ipc_channel_posix.cc, line 353
[Child 5465, Chrome_ChildThread] WARNING: pipe error (3): Connection reset by peer: file /build/firefox-CQifnS/firefox-59.0.1+build1/ipc/chromium/src/chrome/common/ipc_channel_posix.cc, line 353
[Child 5486, Chrome_ChildThread] WARNING: pipe error (19): Connection reset by peer: file /build/firefox-CQifnS/firefox-59.0.1+build1/ipc/chromium/src/chrome/common/ipc_channel_posix.cc, line 353
[Child 5486, Chrome_ChildThread] WARNING: pipe error (3): Connection reset by peer: file /build/firefox-CQifnS/firefox-59.0.1+build1/ipc/chromium/src/chrome/common/ipc_channel_posix.cc, line 353
